\BOOKMARK [-1][-]{part.1}{I Odpowiedzialnosc za wsp\363lnote}{}% 1
\BOOKMARK [0][-]{chapter.1}{Spotkanie 1 - Zycie jako odpowiedz na powo\233anie do s\233uzby}{part.1}% 2
\BOOKMARK [1][-]{section.1.1}{Wprowadzenie \(nie\)tylko dla animatora}{chapter.1}% 3
\BOOKMARK [1][-]{section.1.2}{Modltiwa poczatkowa}{chapter.1}% 4
\BOOKMARK [1][-]{section.1.3}{Wprowadzenie do spotkania grupowego}{chapter.1}% 5
\BOOKMARK [1][-]{section.1.4}{Dar zycia: co z z nim zrobic? Czym jest?}{chapter.1}% 6
\BOOKMARK [1][-]{section.1.5}{Powo\233anie: co zrobic z moim zyciem? Jaka jest moja droga?}{chapter.1}% 7
\BOOKMARK [1][-]{section.1.6}{S\233uzba: postawa do nasladowania}{chapter.1}% 8
\BOOKMARK [1][-]{section.1.7}{Powo\233anie do s\233uzby konsekwencja daru zycia}{chapter.1}% 9
\BOOKMARK [1][-]{section.1.8}{Zastosowanie}{chapter.1}% 10
\BOOKMARK [1][-]{section.1.9}{Modlitwa koncowa}{chapter.1}% 11
\BOOKMARK [-1][-]{part.2}{II Duchowosc cz\233owieka}{}% 12
\BOOKMARK [0][-]{chapter.2}{Spotkanie 1 - Duchowa kondycja cz\233owieka}{part.2}% 13
\BOOKMARK [1][-]{section.2.1}{Wprowadzenie dla Animatora}{chapter.2}% 14
\BOOKMARK [1][-]{section.2.2}{Wstep. Dzielenie sie owocami dnia}{chapter.2}% 15
\BOOKMARK [1][-]{section.2.3}{Czym jest duchowosc?}{chapter.2}% 16
\BOOKMARK [1][-]{section.2.4}{Pytanie o nasza kondycje duchowa}{chapter.2}% 17
\BOOKMARK [1][-]{section.2.5}{Co mozemy z w\233asna duchowoscia zrobic?}{chapter.2}% 18
\BOOKMARK [1][-]{section.2.6}{Madra odwaga stawiania sobie pytan}{chapter.2}% 19
\BOOKMARK [1][-]{section.2.7}{Zastosowanie}{chapter.2}% 20
\BOOKMARK [1][-]{section.2.8}{Modlitwa koncowa}{chapter.2}% 21
\BOOKMARK [0][-]{chapter.3}{Spotkanie 2 - Boze spojrzenie na cz\233owieka}{part.2}% 22
\BOOKMARK [1][-]{section.3.1}{Wprowadzenie dla Animatora}{chapter.3}% 23
\BOOKMARK [1][-]{section.3.2}{Wstep}{chapter.3}% 24
\BOOKMARK [1][-]{section.3.3}{Jezus nadaje sens ludzkiemu zyciu}{chapter.3}% 25
\BOOKMARK [1][-]{section.3.4}{Objawienie w i pe\233ni cz\233owieka cz\233owiekowi}{chapter.3}% 26
\BOOKMARK [1][-]{section.3.5}{Odkrycie dog\233ebnej prawdy o sobie}{chapter.3}% 27
\BOOKMARK [1][-]{section.3.6}{Zaduma nad samym soba}{chapter.3}% 28
\BOOKMARK [1][-]{section.3.7}{Odwazne przyjecie Mi\233osci}{chapter.3}% 29
\BOOKMARK [1][-]{section.3.8}{Zastosowanie}{chapter.3}% 30
\BOOKMARK [1][-]{section.3.9}{Modlitwa koncowa}{chapter.3}% 31
\BOOKMARK [-1][-]{part.3}{III Eucharystia}{}% 32
\BOOKMARK [0][-]{chapter.4}{Spotkanie 1 - Eucharystia jako spotkanie z cz\233owiekiem i Bogiem}{part.3}% 33
\BOOKMARK [1][-]{section.4.1}{Cel Spotkania}{chapter.4}% 34
\BOOKMARK [1][-]{section.4.2}{Wprowadzenie dla Animatora}{chapter.4}% 35
\BOOKMARK [1][-]{section.4.3}{Modlitwa}{chapter.4}% 36
\BOOKMARK [1][-]{section.4.4}{Refleksja nad \214Spotkaniem\216}{chapter.4}% 37
\BOOKMARK [1][-]{section.4.5}{Cechy Prawdziwego Spotkania}{chapter.4}% 38
\BOOKMARK [1][-]{section.4.6}{W poszukiwaniu Spotkania}{chapter.4}% 39
\BOOKMARK [1][-]{section.4.7}{Umocnienie w odkrywaniu i zastosowanie}{chapter.4}% 40
\BOOKMARK [0][-]{chapter.5}{Spotkanie 2 - Eucharystia jako pokarm}{part.3}% 41
\BOOKMARK [1][-]{section.5.1}{Wprowadzenie dla Animatora}{chapter.5}% 42
\BOOKMARK [1][-]{section.5.2}{Wstep}{chapter.5}% 43
\BOOKMARK [1][-]{section.5.3}{B\363g troszczy sie o nas}{chapter.5}% 44
\BOOKMARK [1][-]{section.5.4}{Sakrament}{chapter.5}% 45
\BOOKMARK [1][-]{section.5.5}{\214Co to jest?\216 = \214lecz swiat Go nie pozna\233\216}{chapter.5}% 46
\BOOKMARK [1][-]{section.5.6}{Podsumowanie}{chapter.5}% 47
\BOOKMARK [1][-]{section.5.7}{Zastosowanie}{chapter.5}% 48
\BOOKMARK [0][-]{chapter.6}{Spotkanie 3 - Eucharystia jako zjednoczenie z ludzmi i Bogiem}{part.3}% 49
\BOOKMARK [1][-]{section.6.1}{Wprowadzenie dla Animatora}{chapter.6}% 50
\BOOKMARK [1][-]{section.6.2}{Eucharystia jako zbawcza obecnosc Jezusa we wsp\363lnocie wiernych}{chapter.6}% 51
\BOOKMARK [1][-]{section.6.3}{Udzia\233 musi byc czynny!}{chapter.6}% 52
\BOOKMARK [1][-]{section.6.4}{Zastosowanie}{chapter.6}% 53
